<?xml version="1.0" encoding="UTF-8"?>
<testsuite xmlns:xsi="http://www.w3.org/2001/XMLSchema-instance" xsi:noNamespaceSchemaLocation="https://maven.apache.org/surefire/maven-surefire-plugin/xsd/surefire-test-report.xsd" name="pt.estg.es.utils.UtilityTest" time="0.04" tests="1" errors="0" skipped="0" failures="0">
  <properties>
    <property name="sun.desktop" value="windows"/>
    <property name="awt.toolkit" value="sun.awt.windows.WToolkit"/>
    <property name="file.encoding.pkg" value="sun.io"/>
    <property name="java.specification.version" value="1.8"/>
    <property name="sun.cpu.isalist" value="amd64"/>
    <property name="sun.jnu.encoding" value="Cp1252"/>
    <property name="java.class.path" value="C:\Workspace\aula 5 - Testes de Software\kitchensink-ear\ejb\target\test-classes;C:\Workspace\aula 5 - Testes de Software\kitchensink-ear\ejb\target\classes;C:\Users\Pedro\.m2\repository\javax\enterprise\cdi-api\1.2.0.redhat-2\cdi-api-1.2.0.redhat-2.jar;C:\Users\Pedro\.m2\repository\javax\inject\javax.inject\1.0.0.redhat-6\javax.inject-1.0.0.redhat-6.jar;C:\Users\Pedro\.m2\repository\org\hibernate\hibernate-jpamodelgen\5.1.10.Final-redhat-1\hibernate-jpamodelgen-5.1.10.Final-redhat-1.jar;C:\Users\Pedro\.m2\repository\org\jboss\logging\jboss-logging\3.3.1.Final-redhat-1\jboss-logging-3.3.1.Final-redhat-1.jar;C:\Users\Pedro\.m2\repository\org\hibernate\hibernate-validator\5.3.5.Final-redhat-2\hibernate-validator-5.3.5.Final-redhat-2.jar;C:\Users\Pedro\.m2\repository\javax\validation\validation-api\1.1.0.Final-redhat-1\validation-api-1.1.0.Final-redhat-1.jar;C:\Users\Pedro\.m2\repository\com\fasterxml\classmate\1.3.1\classmate-1.3.1.jar;C:\Users\Pedro\.m2\repository\org\hibernate\hibernate-core\5.0.12.Final\hibernate-core-5.0.12.Final.jar;C:\Users\Pedro\.m2\repository\org\javassist\javassist\3.18.1-GA\javassist-3.18.1-GA.jar;C:\Users\Pedro\.m2\repository\antlr\antlr\2.7.7\antlr-2.7.7.jar;C:\Users\Pedro\.m2\repository\org\apache\geronimo\specs\geronimo-jta_1.1_spec\1.1.1\geronimo-jta_1.1_spec-1.1.1.jar;C:\Users\Pedro\.m2\repository\org\jboss\jandex\2.0.0.Final\jandex-2.0.0.Final.jar;C:\Users\Pedro\.m2\repository\dom4j\dom4j\1.6.1\dom4j-1.6.1.jar;C:\Users\Pedro\.m2\repository\org\hibernate\common\hibernate-commons-annotations\5.0.1.Final-redhat-2\hibernate-commons-annotations-5.0.1.Final-redhat-2.jar;C:\Users\Pedro\.m2\repository\org\hibernate\hibernate-validator-annotation-processor\5.3.5.Final-redhat-2\hibernate-validator-annotation-processor-5.3.5.Final-redhat-2.jar;C:\Users\Pedro\.m2\repository\org\hibernate\javax\persistence\hibernate-jpa-2.1-api\1.0.0.Final-redhat-2\hibernate-jpa-2.1-api-1.0.0.Final-redhat-2.jar;C:\Users\Pedro\.m2\repository\org\jboss\spec\javax\transaction\jboss-transaction-api_1.2_spec\1.0.1.Final-redhat-1\jboss-transaction-api_1.2_spec-1.0.1.Final-redhat-1.jar;C:\Users\Pedro\.m2\repository\org\jboss\arquillian\junit\arquillian-junit-container\1.1.13.Final\arquillian-junit-container-1.1.13.Final.jar;C:\Users\Pedro\.m2\repository\org\jboss\arquillian\junit\arquillian-junit-core\1.1.13.Final\arquillian-junit-core-1.1.13.Final.jar;C:\Users\Pedro\.m2\repository\org\jboss\arquillian\test\arquillian-test-api\1.1.13.Final\arquillian-test-api-1.1.13.Final.jar;C:\Users\Pedro\.m2\repository\org\jboss\arquillian\core\arquillian-core-api\1.1.13.Final\arquillian-core-api-1.1.13.Final.jar;C:\Users\Pedro\.m2\repository\org\jboss\arquillian\test\arquillian-test-spi\1.1.13.Final\arquillian-test-spi-1.1.13.Final.jar;C:\Users\Pedro\.m2\repository\org\jboss\arquillian\core\arquillian-core-spi\1.1.13.Final\arquillian-core-spi-1.1.13.Final.jar;C:\Users\Pedro\.m2\repository\org\jboss\arquillian\container\arquillian-container-test-api\1.1.13.Final\arquillian-container-test-api-1.1.13.Final.jar;C:\Users\Pedro\.m2\repository\org\jboss\shrinkwrap\shrinkwrap-api\1.2.6\shrinkwrap-api-1.2.6.jar;C:\Users\Pedro\.m2\repository\org\jboss\arquillian\container\arquillian-container-test-spi\1.1.13.Final\arquillian-container-test-spi-1.1.13.Final.jar;C:\Users\Pedro\.m2\repository\org\jboss\arquillian\core\arquillian-core-impl-base\1.1.13.Final\arquillian-core-impl-base-1.1.13.Final.jar;C:\Users\Pedro\.m2\repository\org\jboss\arquillian\test\arquillian-test-impl-base\1.1.13.Final\arquillian-test-impl-base-1.1.13.Final.jar;C:\Users\Pedro\.m2\repository\org\jboss\arquillian\container\arquillian-container-impl-base\1.1.13.Final\arquillian-container-impl-base-1.1.13.Final.jar;C:\Users\Pedro\.m2\repository\org\jboss\arquillian\config\arquillian-config-api\1.1.13.Final\arquillian-config-api-1.1.13.Final.jar;C:\Users\Pedro\.m2\repository\org\jboss\arquillian\config\arquillian-config-impl-base\1.1.13.Final\arquillian-config-impl-base-1.1.13.Final.jar;C:\Users\Pedro\.m2\repository\org\jboss\arquillian\container\arquillian-container-test-impl-base\1.1.13.Final\arquillian-container-test-impl-base-1.1.13.Final.jar;C:\Users\Pedro\.m2\repository\org\jboss\shrinkwrap\shrinkwrap-impl-base\1.2.6\shrinkwrap-impl-base-1.2.6.jar;C:\Users\Pedro\.m2\repository\org\jboss\shrinkwrap\shrinkwrap-spi\1.2.6\shrinkwrap-spi-1.2.6.jar;C:\Users\Pedro\.m2\repository\org\jboss\arquillian\protocol\arquillian-protocol-servlet\1.1.13.Final\arquillian-protocol-servlet-1.1.13.Final.jar;C:\Users\Pedro\.m2\repository\org\jboss\arquillian\container\arquillian-container-spi\1.1.13.Final\arquillian-container-spi-1.1.13.Final.jar;C:\Users\Pedro\.m2\repository\org\jboss\shrinkwrap\descriptors\shrinkwrap-descriptors-api-base\2.0.0-alpha-10\shrinkwrap-descriptors-api-base-2.0.0-alpha-10.jar;C:\Users\Pedro\.m2\repository\org\jboss\shrinkwrap\descriptors\shrinkwrap-descriptors-spi\2.0.0-alpha-10\shrinkwrap-descriptors-spi-2.0.0-alpha-10.jar;C:\Users\Pedro\.m2\repository\junit\junit\4.13.2\junit-4.13.2.jar;C:\Users\Pedro\.m2\repository\org\hamcrest\hamcrest-core\1.3\hamcrest-core-1.3.jar;C:\Users\Pedro\.m2\repository\org\jboss\spec\javax\annotation\jboss-annotations-api_1.2_spec\1.0.0.Final-redhat-1\jboss-annotations-api_1.2_spec-1.0.0.Final-redhat-1.jar;C:\Users\Pedro\.m2\repository\org\jboss\spec\javax\ejb\jboss-ejb-api_3.2_spec\1.0.0.Final-redhat-1\jboss-ejb-api_3.2_spec-1.0.0.Final-redhat-1.jar;C:\Users\Pedro\.m2\repository\org\jboss\resteasy\resteasy-jackson-provider\3.0.24.Final-redhat-1\resteasy-jackson-provider-3.0.24.Final-redhat-1.jar;C:\Users\Pedro\.m2\repository\org\codehaus\jackson\jackson-core-asl\1.9.13\jackson-core-asl-1.9.13.jar;C:\Users\Pedro\.m2\repository\org\codehaus\jackson\jackson-mapper-asl\1.9.13\jackson-mapper-asl-1.9.13.jar;C:\Users\Pedro\.m2\repository\org\codehaus\jackson\jackson-jaxrs\1.9.13\jackson-jaxrs-1.9.13.jar;C:\Users\Pedro\.m2\repository\org\codehaus\jackson\jackson-xc\1.9.13\jackson-xc-1.9.13.jar;C:\Users\Pedro\.m2\repository\org\jboss\interceptor\jboss-interceptor-api\3.1.0-CR3\jboss-interceptor-api-3.1.0-CR3.jar;"/>
    <property name="java.vm.vendor" value="Oracle Corporation"/>
    <property name="sun.arch.data.model" value="64"/>
    <property name="user.variant" value=""/>
    <property name="java.vendor.url" value="http://java.oracle.com/"/>
    <property name="user.timezone" value="Europe/London"/>
    <property name="java.vm.specification.version" value="1.8"/>
    <property name="os.name" value="Windows 10"/>
    <property name="user.country" value="BR"/>
    <property name="sun.java.launcher" value="SUN_STANDARD"/>
    <property name="sun.boot.library.path" value="C:\Program Files\Java\jdk1.8.0_152\jre\bin"/>
    <property name="sun.java.command" value="C:\Users\Pedro\AppData\Local\Temp\surefire7946812785302458133\surefirebooter7168350117976346775.jar C:\Users\Pedro\AppData\Local\Temp\surefire7946812785302458133 2023-01-31T14-26-02_628-jvmRun1 surefire137421075148985528tmp surefire_03091093537087954405tmp"/>
    <property name="surefire.test.class.path" value="C:\Workspace\aula 5 - Testes de Software\kitchensink-ear\ejb\target\test-classes;C:\Workspace\aula 5 - Testes de Software\kitchensink-ear\ejb\target\classes;C:\Users\Pedro\.m2\repository\javax\enterprise\cdi-api\1.2.0.redhat-2\cdi-api-1.2.0.redhat-2.jar;C:\Users\Pedro\.m2\repository\javax\inject\javax.inject\1.0.0.redhat-6\javax.inject-1.0.0.redhat-6.jar;C:\Users\Pedro\.m2\repository\org\hibernate\hibernate-jpamodelgen\5.1.10.Final-redhat-1\hibernate-jpamodelgen-5.1.10.Final-redhat-1.jar;C:\Users\Pedro\.m2\repository\org\jboss\logging\jboss-logging\3.3.1.Final-redhat-1\jboss-logging-3.3.1.Final-redhat-1.jar;C:\Users\Pedro\.m2\repository\org\hibernate\hibernate-validator\5.3.5.Final-redhat-2\hibernate-validator-5.3.5.Final-redhat-2.jar;C:\Users\Pedro\.m2\repository\javax\validation\validation-api\1.1.0.Final-redhat-1\validation-api-1.1.0.Final-redhat-1.jar;C:\Users\Pedro\.m2\repository\com\fasterxml\classmate\1.3.1\classmate-1.3.1.jar;C:\Users\Pedro\.m2\repository\org\hibernate\hibernate-core\5.0.12.Final\hibernate-core-5.0.12.Final.jar;C:\Users\Pedro\.m2\repository\org\javassist\javassist\3.18.1-GA\javassist-3.18.1-GA.jar;C:\Users\Pedro\.m2\repository\antlr\antlr\2.7.7\antlr-2.7.7.jar;C:\Users\Pedro\.m2\repository\org\apache\geronimo\specs\geronimo-jta_1.1_spec\1.1.1\geronimo-jta_1.1_spec-1.1.1.jar;C:\Users\Pedro\.m2\repository\org\jboss\jandex\2.0.0.Final\jandex-2.0.0.Final.jar;C:\Users\Pedro\.m2\repository\dom4j\dom4j\1.6.1\dom4j-1.6.1.jar;C:\Users\Pedro\.m2\repository\org\hibernate\common\hibernate-commons-annotations\5.0.1.Final-redhat-2\hibernate-commons-annotations-5.0.1.Final-redhat-2.jar;C:\Users\Pedro\.m2\repository\org\hibernate\hibernate-validator-annotation-processor\5.3.5.Final-redhat-2\hibernate-validator-annotation-processor-5.3.5.Final-redhat-2.jar;C:\Users\Pedro\.m2\repository\org\hibernate\javax\persistence\hibernate-jpa-2.1-api\1.0.0.Final-redhat-2\hibernate-jpa-2.1-api-1.0.0.Final-redhat-2.jar;C:\Users\Pedro\.m2\repository\org\jboss\spec\javax\transaction\jboss-transaction-api_1.2_spec\1.0.1.Final-redhat-1\jboss-transaction-api_1.2_spec-1.0.1.Final-redhat-1.jar;C:\Users\Pedro\.m2\repository\org\jboss\arquillian\junit\arquillian-junit-container\1.1.13.Final\arquillian-junit-container-1.1.13.Final.jar;C:\Users\Pedro\.m2\repository\org\jboss\arquillian\junit\arquillian-junit-core\1.1.13.Final\arquillian-junit-core-1.1.13.Final.jar;C:\Users\Pedro\.m2\repository\org\jboss\arquillian\test\arquillian-test-api\1.1.13.Final\arquillian-test-api-1.1.13.Final.jar;C:\Users\Pedro\.m2\repository\org\jboss\arquillian\core\arquillian-core-api\1.1.13.Final\arquillian-core-api-1.1.13.Final.jar;C:\Users\Pedro\.m2\repository\org\jboss\arquillian\test\arquillian-test-spi\1.1.13.Final\arquillian-test-spi-1.1.13.Final.jar;C:\Users\Pedro\.m2\repository\org\jboss\arquillian\core\arquillian-core-spi\1.1.13.Final\arquillian-core-spi-1.1.13.Final.jar;C:\Users\Pedro\.m2\repository\org\jboss\arquillian\container\arquillian-container-test-api\1.1.13.Final\arquillian-container-test-api-1.1.13.Final.jar;C:\Users\Pedro\.m2\repository\org\jboss\shrinkwrap\shrinkwrap-api\1.2.6\shrinkwrap-api-1.2.6.jar;C:\Users\Pedro\.m2\repository\org\jboss\arquillian\container\arquillian-container-test-spi\1.1.13.Final\arquillian-container-test-spi-1.1.13.Final.jar;C:\Users\Pedro\.m2\repository\org\jboss\arquillian\core\arquillian-core-impl-base\1.1.13.Final\arquillian-core-impl-base-1.1.13.Final.jar;C:\Users\Pedro\.m2\repository\org\jboss\arquillian\test\arquillian-test-impl-base\1.1.13.Final\arquillian-test-impl-base-1.1.13.Final.jar;C:\Users\Pedro\.m2\repository\org\jboss\arquillian\container\arquillian-container-impl-base\1.1.13.Final\arquillian-container-impl-base-1.1.13.Final.jar;C:\Users\Pedro\.m2\repository\org\jboss\arquillian\config\arquillian-config-api\1.1.13.Final\arquillian-config-api-1.1.13.Final.jar;C:\Users\Pedro\.m2\repository\org\jboss\arquillian\config\arquillian-config-impl-base\1.1.13.Final\arquillian-config-impl-base-1.1.13.Final.jar;C:\Users\Pedro\.m2\repository\org\jboss\arquillian\container\arquillian-container-test-impl-base\1.1.13.Final\arquillian-container-test-impl-base-1.1.13.Final.jar;C:\Users\Pedro\.m2\repository\org\jboss\shrinkwrap\shrinkwrap-impl-base\1.2.6\shrinkwrap-impl-base-1.2.6.jar;C:\Users\Pedro\.m2\repository\org\jboss\shrinkwrap\shrinkwrap-spi\1.2.6\shrinkwrap-spi-1.2.6.jar;C:\Users\Pedro\.m2\repository\org\jboss\arquillian\protocol\arquillian-protocol-servlet\1.1.13.Final\arquillian-protocol-servlet-1.1.13.Final.jar;C:\Users\Pedro\.m2\repository\org\jboss\arquillian\container\arquillian-container-spi\1.1.13.Final\arquillian-container-spi-1.1.13.Final.jar;C:\Users\Pedro\.m2\repository\org\jboss\shrinkwrap\descriptors\shrinkwrap-descriptors-api-base\2.0.0-alpha-10\shrinkwrap-descriptors-api-base-2.0.0-alpha-10.jar;C:\Users\Pedro\.m2\repository\org\jboss\shrinkwrap\descriptors\shrinkwrap-descriptors-spi\2.0.0-alpha-10\shrinkwrap-descriptors-spi-2.0.0-alpha-10.jar;C:\Users\Pedro\.m2\repository\junit\junit\4.13.2\junit-4.13.2.jar;C:\Users\Pedro\.m2\repository\org\hamcrest\hamcrest-core\1.3\hamcrest-core-1.3.jar;C:\Users\Pedro\.m2\repository\org\jboss\spec\javax\annotation\jboss-annotations-api_1.2_spec\1.0.0.Final-redhat-1\jboss-annotations-api_1.2_spec-1.0.0.Final-redhat-1.jar;C:\Users\Pedro\.m2\repository\org\jboss\spec\javax\ejb\jboss-ejb-api_3.2_spec\1.0.0.Final-redhat-1\jboss-ejb-api_3.2_spec-1.0.0.Final-redhat-1.jar;C:\Users\Pedro\.m2\repository\org\jboss\resteasy\resteasy-jackson-provider\3.0.24.Final-redhat-1\resteasy-jackson-provider-3.0.24.Final-redhat-1.jar;C:\Users\Pedro\.m2\repository\org\codehaus\jackson\jackson-core-asl\1.9.13\jackson-core-asl-1.9.13.jar;C:\Users\Pedro\.m2\repository\org\codehaus\jackson\jackson-mapper-asl\1.9.13\jackson-mapper-asl-1.9.13.jar;C:\Users\Pedro\.m2\repository\org\codehaus\jackson\jackson-jaxrs\1.9.13\jackson-jaxrs-1.9.13.jar;C:\Users\Pedro\.m2\repository\org\codehaus\jackson\jackson-xc\1.9.13\jackson-xc-1.9.13.jar;C:\Users\Pedro\.m2\repository\org\jboss\interceptor\jboss-interceptor-api\3.1.0-CR3\jboss-interceptor-api-3.1.0-CR3.jar;"/>
    <property name="sun.cpu.endian" value="little"/>
    <property name="user.home" value="C:\Users\Pedro"/>
    <property name="user.language" value="pt"/>
    <property name="java.specification.vendor" value="Oracle Corporation"/>
    <property name="java.home" value="C:\Program Files\Java\jdk1.8.0_152\jre"/>
    <property name="basedir" value="C:\Workspace\aula 5 - Testes de Software\kitchensink-ear\ejb"/>
    <property name="file.separator" value="\"/>
    <property name="line.separator" value="&#10;"/>
    <property name="java.vm.specification.vendor" value="Oracle Corporation"/>
    <property name="java.specification.name" value="Java Platform API Specification"/>
    <property name="java.awt.graphicsenv" value="sun.awt.Win32GraphicsEnvironment"/>
    <property name="surefire.real.class.path" value="C:\Users\Pedro\AppData\Local\Temp\surefire7946812785302458133\surefirebooter7168350117976346775.jar"/>
    <property name="sun.boot.class.path" value="C:\Program Files\Java\jdk1.8.0_152\jre\lib\resources.jar;C:\Program Files\Java\jdk1.8.0_152\jre\lib\rt.jar;C:\Program Files\Java\jdk1.8.0_152\jre\lib\sunrsasign.jar;C:\Program Files\Java\jdk1.8.0_152\jre\lib\jsse.jar;C:\Program Files\Java\jdk1.8.0_152\jre\lib\jce.jar;C:\Program Files\Java\jdk1.8.0_152\jre\lib\charsets.jar;C:\Program Files\Java\jdk1.8.0_152\jre\lib\jfr.jar;C:\Program Files\Java\jdk1.8.0_152\jre\classes"/>
    <property name="user.script" value=""/>
    <property name="sun.management.compiler" value="HotSpot 64-Bit Tiered Compilers"/>
    <property name="java.runtime.version" value="1.8.0_152-b16"/>
    <property name="user.name" value="Pedro"/>
    <property name="path.separator" value=";"/>
    <property name="os.version" value="10.0"/>
    <property name="java.endorsed.dirs" value="C:\Program Files\Java\jdk1.8.0_152\jre\lib\endorsed"/>
    <property name="java.runtime.name" value="Java(TM) SE Runtime Environment"/>
    <property name="file.encoding" value="Cp1252"/>
    <property name="java.vm.name" value="Java HotSpot(TM) 64-Bit Server VM"/>
    <property name="localRepository" value="C:\Users\Pedro\.m2\repository"/>
    <property name="java.vendor.url.bug" value="http://bugreport.sun.com/bugreport/"/>
    <property name="java.io.tmpdir" value="C:\Workspace\aula 5 - Testes de Software\kitchensink-ear\ejb\target"/>
    <property name="idea.version" value="2021.2.4"/>
    <property name="java.version" value="1.8.0_152"/>
    <property name="user.dir" value="C:\Workspace\aula 5 - Testes de Software\kitchensink-ear\ejb"/>
    <property name="os.arch" value="amd64"/>
    <property name="java.vm.specification.name" value="Java Virtual Machine Specification"/>
    <property name="java.awt.printerjob" value="sun.awt.windows.WPrinterJob"/>
    <property name="sun.os.patch.level" value=""/>
    <property name="java.library.path" value="C:\Program Files\Java\jdk1.8.0_152\jre\bin;C:\Windows\Sun\Java\bin;C:\Windows\system32;C:\Windows;C:\Program Files (x86)\Razer\ChromaBroadcast\bin;C:\Program Files\Razer\ChromaBroadcast\bin;C:\Program Files\Common Files\Oracle\Java\javapath;C:\Program Files (x86)\Common Files\Oracle\Java\javapath;C:\ProgramData\Oracle\Java\javapath;C:\Windows\system32;C:\Windows;C:\Windows\System32\Wbem;C:\Windows\System32\WindowsPowerShell\v1.0\;C:\Windows\System32\OpenSSH\;C:\Program Files (x86)\NVIDIA Corporation\PhysX\Common;C:\Program Files\NVIDIA Corporation\NVIDIA NvDLISR;C:\Program Files\Azure Data Studio\bin;C:\Program Files\PuTTY\;C:\Program Files\Microsoft SQL Server\Client SDK\ODBC\170\Tools\Binn\;C:\Program Files (x86)\Microsoft SQL Server\150\Tools\Binn\;C:\Program Files\Microsoft SQL Server\150\Tools\Binn\;C:\Program Files\Microsoft SQL Server\150\DTS\Binn\;C:\Program Files (x86)\Microsoft SQL Server\150\DTS\Binn\;C:\Program Files\Microsoft SQL Server\130\Tools\Binn\;C:\Program Files (x86)\Microsoft SQL Server\110\DTS\Binn\;C:\Program Files (x86)\Microsoft SQL Server\120\DTS\Binn\;C:\Program Files (x86)\Microsoft SQL Server\130\DTS\Binn\;C:\Program Files (x86)\Microsoft SQL Server\140\DTS\Binn\;C:\Program Files\MySQL\MySQL Server 5.5\bin;C;C:\Program Files (x86)\Steel Bank Common Lisp\;C:\Program Files\dotnet\;C:\Workspace\apache-maven-3.8.6\apache-maven\src\bin;C:\Program Files\Git\cmd;C:\Windows\system32\config\systemprofile\AppData\Local\Microsoft\WindowsApps;C:\Program Files\nodejs\;C:\Users\Pedro\.cargo\bin;C:\Users\Pedro\AppData\Local\Microsoft\WindowsApps;C:\Users\Pedro\AppData\Local\Programs\Microsoft VS Code\bin;C:\Program Files\Azure Data Studio\bin;C:\Users\Pedro\AppData\Local\Programs\Python\Python310\Scripts;C:\Program Files\mingw-w64\MinGW\mingw64\bin;C:\Program Files (x86)\Microsoft Visual Studio\2019\Community\VC\Tools\MSVC\14.29.30133\bin\Hostx86\x64;C:\Users\Pedro\Docs\clisp-2.48;C:\Program Files (x86)\Java\jdk1.8.0_121\bin;C:\Users\Pedro\.dotnet\tools;C:\Workspace\apache-maven-3.8.6\bin;C:\Workspace\apache-ant-1.7.1\bin;C:\Program Files (x86)\Nmap;C:\Users\Pedro\AppData\Roaming\npm;."/>
    <property name="java.vm.info" value="mixed mode"/>
    <property name="java.vendor" value="Oracle Corporation"/>
    <property name="java.vm.version" value="25.152-b16"/>
    <property name="java.ext.dirs" value="C:\Program Files\Java\jdk1.8.0_152\jre\lib\ext;C:\Windows\Sun\Java\lib\ext"/>
    <property name="sun.io.unicode.encoding" value="UnicodeLittle"/>
    <property name="java.class.version" value="52.0"/>
  </properties>
  <testcase name="testFirstLastName" classname="pt.estg.es.utils.UtilityTest" time="0.003"/>
</testsuite>